2025-03-16 19:37:07,464 - core.RouteManager - INFO - Route changed to /
2025-03-16 19:37:14,193 - buttons.HistoryButton - INFO - History button clicked
2025-03-16 19:37:14,195 - core.RouteManager - INFO - Route changed to /history
2025-03-16 19:37:14,199 - core.RouteManager - INFO - Route changed to /
2025-03-16 19:37:16,142 - buttons.HistoryButton - INFO - History button clicked
2025-03-16 19:37:16,144 - core.RouteManager - INFO - Route changed to /history
2025-03-16 19:37:16,147 - core.RouteManager - INFO - Route changed to /
2025-03-16 19:37:16,339 - buttons.HistoryButton - INFO - History button clicked
2025-03-16 19:37:16,341 - core.RouteManager - INFO - Route changed to /history
2025-03-16 19:37:16,343 - core.RouteManager - INFO - Route changed to /
2025-03-16 19:37:16,818 - buttons.HistoryButton - INFO - History button clicked
2025-03-16 19:37:16,820 - core.RouteManager - INFO - Route changed to /history
2025-03-16 19:37:16,823 - core.RouteManager - INFO - Route changed to /
2025-03-16 19:37:17,280 - buttons.HistoryButton - INFO - History button clicked
2025-03-16 19:37:17,282 - core.RouteManager - INFO - Route changed to /history
2025-03-16 19:37:17,285 - core.RouteManager - INFO - Route changed to /
2025-03-16 19:37:22,744 - core.Calculator - INFO - Button clicked with data: 8
2025-03-16 19:37:23,147 - core.Calculator - INFO - Button clicked with data: *
2025-03-16 19:37:23,147 - core.Calculator - INFO - Expression: *
2025-03-16 19:37:23,510 - core.Calculator - INFO - Button clicked with data: 8
2025-03-16 19:37:24,207 - core.Calculator - INFO - Button clicked with data: =
2025-03-16 19:37:24,210 - core.Calculator - INFO - 64.00
2025-03-16 19:37:25,033 - buttons.HistoryButton - INFO - History button clicked
2025-03-16 19:37:25,034 - core.RouteManager - INFO - Route changed to /history
2025-03-16 19:37:25,038 - core.RouteManager - INFO - Route changed to /
2025-03-16 19:37:25,964 - buttons.HistoryButton - INFO - History button clicked
2025-03-16 19:37:25,966 - core.RouteManager - INFO - Route changed to /history
2025-03-16 19:37:25,969 - core.RouteManager - INFO - Route changed to /
2025-03-16 19:37:26,444 - buttons.HistoryButton - INFO - History button clicked
2025-03-16 19:37:26,445 - core.RouteManager - INFO - Route changed to /history
2025-03-16 19:37:26,449 - core.RouteManager - INFO - Route changed to /
2025-03-16 19:37:26,455 - core.RouteManager - INFO - Route changed to /history
2025-03-16 19:37:26,459 - core.RouteManager - INFO - Route changed to /
2025-03-16 19:37:26,769 - buttons.HistoryButton - INFO - History button clicked
2025-03-16 19:37:26,771 - core.RouteManager - INFO - Route changed to /history
2025-03-16 19:37:26,774 - core.RouteManager - INFO - Route changed to /
2025-03-16 19:37:26,781 - core.RouteManager - INFO - Route changed to /history
2025-03-16 19:37:26,785 - core.RouteManager - INFO - Route changed to /
2025-03-16 19:37:27,291 - buttons.HistoryButton - INFO - History button clicked
2025-03-16 19:37:27,294 - core.RouteManager - INFO - Route changed to /history
2025-03-16 19:37:27,297 - core.RouteManager - INFO - Route changed to /
2025-03-16 19:37:27,306 - core.RouteManager - INFO - Route changed to /history
2025-03-16 19:37:27,309 - core.RouteManager - INFO - Route changed to /
2025-03-16 19:37:27,840 - buttons.HistoryButton - INFO - History button clicked
2025-03-16 19:37:27,841 - core.RouteManager - INFO - Route changed to /history
2025-03-16 19:37:27,844 - core.RouteManager - INFO - Route changed to /
2025-03-16 19:37:28,254 - buttons.HistoryButton - INFO - History button clicked
2025-03-16 19:37:28,256 - core.RouteManager - INFO - Route changed to /history
2025-03-16 19:37:28,259 - core.RouteManager - INFO - Route changed to /
2025-03-16 19:37:28,522 - buttons.HistoryButton - INFO - History button clicked
2025-03-16 19:37:28,523 - core.RouteManager - INFO - Route changed to /history
2025-03-16 19:37:28,527 - core.RouteManager - INFO - Route changed to /
2025-03-16 19:37:28,699 - buttons.HistoryButton - INFO - History button clicked
2025-03-16 19:37:28,700 - core.RouteManager - INFO - Route changed to /history
2025-03-16 19:37:28,704 - core.RouteManager - INFO - Route changed to /
2025-03-16 19:37:28,888 - buttons.HistoryButton - INFO - History button clicked
2025-03-16 19:37:28,890 - core.RouteManager - INFO - Route changed to /history
2025-03-16 19:37:28,894 - core.RouteManager - INFO - Route changed to /
2025-03-16 19:37:29,056 - buttons.HistoryButton - INFO - History button clicked
2025-03-16 19:37:29,058 - core.RouteManager - INFO - Route changed to /history
2025-03-16 19:37:29,061 - core.RouteManager - INFO - Route changed to /
2025-03-16 19:37:29,237 - buttons.HistoryButton - INFO - History button clicked
2025-03-16 19:37:29,238 - core.RouteManager - INFO - Route changed to /history
2025-03-16 19:37:29,241 - core.RouteManager - INFO - Route changed to /
2025-03-16 19:37:29,248 - core.RouteManager - INFO - Route changed to /history
2025-03-16 19:37:29,250 - core.RouteManager - INFO - Route changed to /
2025-03-16 19:37:29,389 - buttons.HistoryButton - INFO - History button clicked
2025-03-16 19:37:29,391 - core.RouteManager - INFO - Route changed to /history
2025-03-16 19:37:29,394 - core.RouteManager - INFO - Route changed to /
